03/18/2020 07:25:54 PM - LoginPage - INFO: Element found with locator: Login and  locatorType: link
03/18/2020 07:25:54 PM - LoginPage - INFO: Clicked on element with locator: Login locatorType: link
03/18/2020 07:25:57 PM - LoginPage - INFO: Element found with locator: user_email and  locatorType: id
03/18/2020 07:25:57 PM - LoginPage - INFO: Element found with locator: user_password and  locatorType: id
03/18/2020 07:25:57 PM - LoginPage - INFO: Element found with locator: user_email and  locatorType: id
03/18/2020 07:25:57 PM - LoginPage - INFO: Sent data on element with locator: user_email locatorType: id
03/18/2020 07:25:57 PM - LoginPage - INFO: Element found with locator: user_password and  locatorType: id
03/18/2020 07:25:57 PM - LoginPage - INFO: Sent data on element with locator: user_password locatorType: id
03/18/2020 07:25:57 PM - LoginPage - INFO: Element found with locator: commit and  locatorType: name
03/18/2020 07:26:00 PM - LoginPage - INFO: Clicked on element with locator: commit locatorType: name
03/18/2020 07:26:00 PM - LoginPage - INFO: Element found with locator: //*[@id='navbar']//span[text()='Test'] and  locatorType: xpath
03/18/2020 07:26:00 PM - LoginPage - INFO: Element Found
03/18/2020 07:38:32 PM - LoginPage - INFO: Element found with locator: Login and  locatorType: link
03/18/2020 07:38:32 PM - LoginPage - INFO: Clicked on element with locator: Login locatorType: link
03/18/2020 07:38:34 PM - LoginPage - INFO: Element found with locator: user_email and  locatorType: id
03/18/2020 07:38:34 PM - LoginPage - INFO: Element found with locator: user_password and  locatorType: id
03/18/2020 07:38:34 PM - LoginPage - INFO: Element found with locator: user_email and  locatorType: id
03/18/2020 07:38:34 PM - LoginPage - INFO: Sent data on element with locator: user_email locatorType: id
03/18/2020 07:38:34 PM - LoginPage - INFO: Element found with locator: user_password and  locatorType: id
03/18/2020 07:38:35 PM - LoginPage - INFO: Sent data on element with locator: user_password locatorType: id
03/18/2020 07:38:35 PM - LoginPage - INFO: Element found with locator: commit and  locatorType: name
03/18/2020 07:38:37 PM - LoginPage - INFO: Clicked on element with locator: commit locatorType: name
03/18/2020 07:38:37 PM - LoginPage - INFO: Element found with locator: //div[contains(text(),'Invalid email or password')] and  locatorType: xpath
03/18/2020 07:38:37 PM - LoginPage - INFO: Element Found
03/18/2020 07:40:18 PM - LoginPage - INFO: Element found with locator: Login and  locatorType: link
03/18/2020 07:40:18 PM - LoginPage - INFO: Clicked on element with locator: Login locatorType: link
03/18/2020 07:40:20 PM - LoginPage - INFO: Element found with locator: user_email and  locatorType: id
03/18/2020 07:40:20 PM - LoginPage - INFO: Element found with locator: user_password and  locatorType: id
03/18/2020 07:40:20 PM - LoginPage - INFO: Element found with locator: user_email and  locatorType: id
03/18/2020 07:40:20 PM - LoginPage - INFO: Sent data on element with locator: user_email locatorType: id
03/18/2020 07:40:20 PM - LoginPage - INFO: Element found with locator: user_password and  locatorType: id
03/18/2020 07:40:20 PM - LoginPage - INFO: Sent data on element with locator: user_password locatorType: id
03/18/2020 07:40:20 PM - LoginPage - INFO: Element found with locator: commit and  locatorType: name
03/18/2020 07:40:22 PM - LoginPage - INFO: Clicked on element with locator: commit locatorType: name
03/18/2020 07:40:23 PM - LoginPage - INFO: Element found with locator: //div[contains(text(),'Invalid email or password')] and  locatorType: xpath
03/18/2020 07:40:23 PM - LoginPage - INFO: Element Found
03/18/2020 07:40:23 PM - LoginPage - INFO: Element found with locator: user_email and  locatorType: id
03/18/2020 07:40:23 PM - LoginPage - INFO: Element found with locator: user_password and  locatorType: id
03/18/2020 07:40:26 PM - LoginPage - INFO: Element not found with locator: Login and  locatorType: link
03/18/2020 07:40:26 PM - LoginPage - INFO: Cannot click on the element with locator: Login locatorType: link
03/18/2020 07:40:26 PM - LoginPage - INFO: Element found with locator: user_email and  locatorType: id
03/18/2020 07:40:26 PM - LoginPage - INFO: Element found with locator: user_password and  locatorType: id
03/18/2020 07:40:26 PM - LoginPage - INFO: Element found with locator: user_email and  locatorType: id
03/18/2020 07:40:26 PM - LoginPage - INFO: Sent data on element with locator: user_email locatorType: id
03/18/2020 07:40:26 PM - LoginPage - INFO: Element found with locator: user_password and  locatorType: id
03/18/2020 07:40:26 PM - LoginPage - INFO: Sent data on element with locator: user_password locatorType: id
03/18/2020 07:40:26 PM - LoginPage - INFO: Element found with locator: commit and  locatorType: name
03/18/2020 07:40:29 PM - LoginPage - INFO: Clicked on element with locator: commit locatorType: name
03/18/2020 07:40:32 PM - LoginPage - INFO: Element not found with locator: //*[@id='navbar']//span[text()='User Settings'] and  locatorType: xpath
03/18/2020 07:40:32 PM - LoginPage - INFO: Element not found
03/18/2020 07:41:03 PM - LoginPage - INFO: Element found with locator: Login and  locatorType: link
03/18/2020 07:41:03 PM - LoginPage - INFO: Clicked on element with locator: Login locatorType: link
03/18/2020 07:41:05 PM - LoginPage - INFO: Element found with locator: user_email and  locatorType: id
03/18/2020 07:41:05 PM - LoginPage - INFO: Element found with locator: user_password and  locatorType: id
03/18/2020 07:41:05 PM - LoginPage - INFO: Element found with locator: user_email and  locatorType: id
03/18/2020 07:41:05 PM - LoginPage - INFO: Sent data on element with locator: user_email locatorType: id
03/18/2020 07:41:05 PM - LoginPage - INFO: Element found with locator: user_password and  locatorType: id
03/18/2020 07:41:05 PM - LoginPage - INFO: Sent data on element with locator: user_password locatorType: id
03/18/2020 07:41:05 PM - LoginPage - INFO: Element found with locator: commit and  locatorType: name
03/18/2020 07:41:07 PM - LoginPage - INFO: Clicked on element with locator: commit locatorType: name
03/18/2020 07:41:07 PM - LoginPage - INFO: Element found with locator: //div[contains(text(),'Invalid email or password')] and  locatorType: xpath
03/18/2020 07:41:07 PM - LoginPage - INFO: Element Found
03/18/2020 07:41:07 PM - LoginPage - INFO: Element found with locator: user_email and  locatorType: id
03/18/2020 07:41:07 PM - LoginPage - INFO: Element found with locator: user_password and  locatorType: id
03/18/2020 07:41:10 PM - LoginPage - INFO: Element not found with locator: Login and  locatorType: link
03/18/2020 07:41:10 PM - LoginPage - INFO: Cannot click on the element with locator: Login locatorType: link
03/18/2020 07:41:10 PM - LoginPage - INFO: Element found with locator: user_email and  locatorType: id
03/18/2020 07:41:10 PM - LoginPage - INFO: Element found with locator: user_password and  locatorType: id
03/18/2020 07:41:10 PM - LoginPage - INFO: Element found with locator: user_email and  locatorType: id
03/18/2020 07:41:10 PM - LoginPage - INFO: Sent data on element with locator: user_email locatorType: id
03/18/2020 07:41:10 PM - LoginPage - INFO: Element found with locator: user_password and  locatorType: id
03/18/2020 07:41:10 PM - LoginPage - INFO: Sent data on element with locator: user_password locatorType: id
03/18/2020 07:41:10 PM - LoginPage - INFO: Element found with locator: commit and  locatorType: name
03/18/2020 07:41:14 PM - LoginPage - INFO: Clicked on element with locator: commit locatorType: name
03/18/2020 07:41:14 PM - LoginPage - INFO: Element found with locator: //*[@id='navbar']//span[text()='Test'] and  locatorType: xpath
03/18/2020 07:41:14 PM - LoginPage - INFO: Element Found
